UpdateCTestConfiguration  from :/home/nwhit210/omnicar_2_ws/build/mecanum_drive_controller/CTestConfiguration.ini
Parse Config file:/home/nwhit210/omnicar_2_ws/build/mecanum_drive_controller/CTestConfiguration.ini
   Site: nwhit210
   Build name: (empty)
 Add coverage exclude regular expressions.
Create new tag: 20250318-0448 - Experimental
UpdateCTestConfiguration  from :/home/nwhit210/omnicar_2_ws/build/mecanum_drive_controller/CTestConfiguration.ini
Parse Config file:/home/nwhit210/omnicar_2_ws/build/mecanum_drive_controller/CTestConfiguration.ini
Test project /home/nwhit210/omnicar_2_ws/build/mecanum_drive_controller
Constructing a list of tests
Done constructing a list of tests
Updating test list for fixtures
Added 0 tests to meet fixture requirements
Checking test dependency graph...
Checking test dependency graph end
test 1
    Start 1: test_load_mecanum_drive_controller

1: Test command: /usr/bin/python3 "-u" "/opt/ros/humble/share/ament_cmake_test/cmake/run_test.py" "/home/nwhit210/omnicar_2_ws/build/mecanum_drive_controller/test_results/mecanum_drive_controller/test_load_mecanum_drive_controller.gtest.xml" "--package-name" "mecanum_drive_controller" "--output-file" "/home/nwhit210/omnicar_2_ws/build/mecanum_drive_controller/ament_cmake_gmock/test_load_mecanum_drive_controller.txt" "--command" "/home/nwhit210/omnicar_2_ws/build/mecanum_drive_controller/test_load_mecanum_drive_controller" "--gtest_output=xml:/home/nwhit210/omnicar_2_ws/build/mecanum_drive_controller/test_results/mecanum_drive_controller/test_load_mecanum_drive_controller.gtest.xml"
1: Test timeout computed to be: 60
1: -- run_test.py: invoking following command in '/home/nwhit210/omnicar_2_ws/build/mecanum_drive_controller':
1:  - /home/nwhit210/omnicar_2_ws/build/mecanum_drive_controller/test_load_mecanum_drive_controller --gtest_output=xml:/home/nwhit210/omnicar_2_ws/build/mecanum_drive_controller/test_results/mecanum_drive_controller/test_load_mecanum_drive_controller.gtest.xml
1: [==========] Running 1 test from 1 test suite.
1: [----------] Global test environment set-up.
1: [----------] 1 test from TestLoadMecanumDriveController
1: [ RUN      ] TestLoadMecanumDriveController.load_controller
1: [INFO] [1742273318.277876345] [resource_manager]: Loading hardware 'TestActuatorHardware' 
1: unknown file: Failure
1: C++ exception with description "According to the loaded plugin descriptions the class test_actuator with base class type hardware_interface::ActuatorInterface does not exist. Declared types are  test_hardware_components/TestSingleJointActuator" thrown in the test body.
1: [  FAILED  ] TestLoadMecanumDriveController.load_controller (3 ms)
1: [----------] 1 test from TestLoadMecanumDriveController (3 ms total)
1: 
1: [----------] Global test environment tear-down
1: [==========] 1 test from 1 test suite ran. (3 ms total)
1: [  PASSED  ] 0 tests.
1: [  FAILED  ] 1 test, listed below:
1: [  FAILED  ] TestLoadMecanumDriveController.load_controller
1: 
1:  1 FAILED TEST
1: -- run_test.py: return code 1
1: -- run_test.py: inject classname prefix into gtest result file '/home/nwhit210/omnicar_2_ws/build/mecanum_drive_controller/test_results/mecanum_drive_controller/test_load_mecanum_drive_controller.gtest.xml'
1: -- run_test.py: verify result file '/home/nwhit210/omnicar_2_ws/build/mecanum_drive_controller/test_results/mecanum_drive_controller/test_load_mecanum_drive_controller.gtest.xml'
1/3 Test #1: test_load_mecanum_drive_controller .........***Failed    0.13 sec
test 2
    Start 2: test_mecanum_drive_controller

2: Test command: /usr/bin/python3 "-u" "/opt/ros/humble/share/ament_cmake_test/cmake/run_test.py" "/home/nwhit210/omnicar_2_ws/build/mecanum_drive_controller/test_results/mecanum_drive_controller/test_mecanum_drive_controller.gtest.xml" "--package-name" "mecanum_drive_controller" "--output-file" "/home/nwhit210/omnicar_2_ws/build/mecanum_drive_controller/test_results/mecanum_drive_controller/test_mecanum_drive_controller.txt" "--command" "/home/nwhit210/omnicar_2_ws/build/mecanum_drive_controller/test_mecanum_drive_controller" "--ros-args" "--params-file" "/home/nwhit210/omnicar_2_ws/src/mecanum_drive_controller/test/mecanum_drive_controller_params.yaml" "--" "--gtest_output=xml:/home/nwhit210/omnicar_2_ws/build/mecanum_drive_controller/test_results/mecanum_drive_controller/test_mecanum_drive_controller.gtest.xml"
2: Test timeout computed to be: 60
2: -- run_test.py: invoking following command in '/home/nwhit210/omnicar_2_ws/build/mecanum_drive_controller':
2:  - /home/nwhit210/omnicar_2_ws/build/mecanum_drive_controller/test_mecanum_drive_controller --ros-args --params-file /home/nwhit210/omnicar_2_ws/src/mecanum_drive_controller/test/mecanum_drive_controller_params.yaml -- --gtest_output=xml:/home/nwhit210/omnicar_2_ws/build/mecanum_drive_controller/test_results/mecanum_drive_controller/test_mecanum_drive_controller.gtest.xml
2: [==========] Running 16 tests from 1 test suite.
2: [----------] Global test environment set-up.
2: [----------] 16 tests from MecanumDriveControllerTest
2: [ RUN      ] MecanumDriveControllerTest.when_controller_is_configured_expect_all_parameters_set
2: [INFO] [1742273318.476633321] [test_mecanum_drive_controller]: MecanumDriveController configured successfully
2: [       OK ] MecanumDriveControllerTest.when_controller_is_configured_expect_all_parameters_set (72 ms)
2: [ RUN      ] MecanumDriveControllerTest.when_controller_configured_expect_properly_exported_interfaces
2: [INFO] [1742273318.513938922] [test_mecanum_drive_controller]: MecanumDriveController configured successfully
2: [       OK ] MecanumDriveControllerTest.when_controller_configured_expect_properly_exported_interfaces (40 ms)
2: [ RUN      ] MecanumDriveControllerTest.when_controller_is_activated_expect_reference_reset
2: [INFO] [1742273318.558916433] [test_mecanum_drive_controller]: MecanumDriveController configured successfully
2: [       OK ] MecanumDriveControllerTest.when_controller_is_activated_expect_reference_reset (47 ms)
2: [ RUN      ] MecanumDriveControllerTest.when_controller_active_and_update_called_expect_success
2: [INFO] [1742273318.601467423] [test_mecanum_drive_controller]: MecanumDriveController configured successfully
2: [       OK ] MecanumDriveControllerTest.when_controller_active_and_update_called_expect_success (41 ms)
2: [ RUN      ] MecanumDriveControllerTest.when_active_controller_is_deactivated_expect_success
2: [INFO] [1742273318.643297074] [test_mecanum_drive_controller]: MecanumDriveController configured successfully
2: [       OK ] MecanumDriveControllerTest.when_active_controller_is_deactivated_expect_success (45 ms)
2: [ RUN      ] MecanumDriveControllerTest.when_controller_is_reactivated_expect_cmd_itfs_not_set_and_update_success
2: [INFO] [1742273318.689314149] [test_mecanum_drive_controller]: MecanumDriveController configured successfully
2: [       OK ] MecanumDriveControllerTest.when_controller_is_reactivated_expect_cmd_itfs_not_set_and_update_success (41 ms)
2: [ RUN      ] MecanumDriveControllerTest.when_update_is_called_expect_status_message
2: [INFO] [1742273318.724476510] [test_mecanum_drive_controller]: MecanumDriveController configured successfully
2: [       OK ] MecanumDriveControllerTest.when_update_is_called_expect_status_message (42 ms)
2: [ RUN      ] MecanumDriveControllerTest.when_reference_msg_received_expect_updated_commands_and_status_message
2: [INFO] [1742273318.771121207] [test_mecanum_drive_controller]: MecanumDriveController configured successfully
2: [       OK ] MecanumDriveControllerTest.when_reference_msg_received_expect_updated_commands_and_status_message (559 ms)
2: [ RUN      ] MecanumDriveControllerTest.when_reference_msg_is_too_old_expect_unset_reference
2: [INFO] [1742273319.323872625] [test_mecanum_drive_controller]: MecanumDriveController configured successfully
2: [ERROR] [1742273319.324159564] [test_mecanum_drive_controller]: Received message has timestamp 1742273318.3240063190 older by 1.0001461050 than allowed timeout (0.9000).
2: [       OK ] MecanumDriveControllerTest.when_reference_msg_is_too_old_expect_unset_reference (530 ms)
2: [ RUN      ] MecanumDriveControllerTest.when_reference_msg_has_timestamp_zero_expect_reference_set_and_timestamp_set_to_current_time
2: [INFO] [1742273319.853703622] [test_mecanum_drive_controller]: MecanumDriveController configured successfully
2: [WARN] [1742273319.854047177] [test_mecanum_drive_controller]: Timestamp in header is missing, using current time as command timestamp.
2: [       OK ] MecanumDriveControllerTest.when_reference_msg_has_timestamp_zero_expect_reference_set_and_timestamp_set_to_current_time (537 ms)
2: [ RUN      ] MecanumDriveControllerTest.when_message_has_valid_timestamp_expect_reference_set
2: [INFO] [1742273320.404255939] [test_mecanum_drive_controller]: MecanumDriveController configured successfully
2: [       OK ] MecanumDriveControllerTest.when_message_has_valid_timestamp_expect_reference_set (564 ms)
2: [ RUN      ] MecanumDriveControllerTest.when_ref_msg_old_expect_cmnd_itfs_set_to_zero_otherwise_to_valid_cmnds
2: [INFO] [1742273320.977567976] [test_mecanum_drive_controller]: MecanumDriveController configured successfully
2: [       OK ] MecanumDriveControllerTest.when_ref_msg_old_expect_cmnd_itfs_set_to_zero_otherwise_to_valid_cmnds (77 ms)
2: [ RUN      ] MecanumDriveControllerTest.when_controller_in_chainable_mode_expect_receiving_commands_from_reference_interfaces_directly
2: [INFO] [1742273321.054706840] [test_mecanum_drive_controller]: MecanumDriveController configured successfully
2: [       OK ] MecanumDriveControllerTest.when_controller_in_chainable_mode_expect_receiving_commands_from_reference_interfaces_directly (71 ms)
2: [ RUN      ] MecanumDriveControllerTest.when_reference_timeout_is_zero_expect_reference_msg_being_used_only_once
2: [INFO] [1742273321.120535658] [test_mecanum_drive_controller]: MecanumDriveController configured successfully
2: [       OK ] MecanumDriveControllerTest.when_reference_timeout_is_zero_expect_reference_msg_being_used_only_once (62 ms)
2: [ RUN      ] MecanumDriveControllerTest.when_ref_timeout_zero_for_reference_callback_expect_reference_msg_being_used_only_once
2: [INFO] [1742273321.181843092] [test_mecanum_drive_controller]: MecanumDriveController configured successfully
2: [       OK ] MecanumDriveControllerTest.when_ref_timeout_zero_for_reference_callback_expect_reference_msg_being_used_only_once (560 ms)
2: [ RUN      ] MecanumDriveControllerTest.SideToSideAndRotationOdometryTest
2: [INFO] [1742273321.723970320] [test_mecanum_drive_controller_with_rotation]: MecanumDriveController configured successfully
2: [INFO] [1742273321.724328175] [test_mecanum_drive_controller_with_rotation]: odometry: -0.004899, 0.040010, 0.000000
2: [       OK ] MecanumDriveControllerTest.SideToSideAndRotationOdometryTest (29 ms)
2: [----------] 16 tests from MecanumDriveControllerTest (3317 ms total)
2: 
2: [----------] Global test environment tear-down
2: [==========] 16 tests from 1 test suite ran. (3317 ms total)
2: [  PASSED  ] 16 tests.
2: -- run_test.py: return code 0
2: -- run_test.py: inject classname prefix into gtest result file '/home/nwhit210/omnicar_2_ws/build/mecanum_drive_controller/test_results/mecanum_drive_controller/test_mecanum_drive_controller.gtest.xml'
2: -- run_test.py: verify result file '/home/nwhit210/omnicar_2_ws/build/mecanum_drive_controller/test_results/mecanum_drive_controller/test_mecanum_drive_controller.gtest.xml'
2/3 Test #2: test_mecanum_drive_controller ..............   Passed    3.57 sec
test 3
    Start 3: test_mecanum_drive_controller_preceeding

3: Test command: /usr/bin/python3 "-u" "/opt/ros/humble/share/ament_cmake_test/cmake/run_test.py" "/home/nwhit210/omnicar_2_ws/build/mecanum_drive_controller/test_results/mecanum_drive_controller/test_mecanum_drive_controller_preceeding.gtest.xml" "--package-name" "mecanum_drive_controller" "--output-file" "/home/nwhit210/omnicar_2_ws/build/mecanum_drive_controller/test_results/mecanum_drive_controller/test_mecanum_drive_controller_preceeding.txt" "--command" "/home/nwhit210/omnicar_2_ws/build/mecanum_drive_controller/test_mecanum_drive_controller_preceeding" "--ros-args" "--params-file" "/home/nwhit210/omnicar_2_ws/src/mecanum_drive_controller/test/mecanum_drive_controller_preceeding_params.yaml" "--" "--gtest_output=xml:/home/nwhit210/omnicar_2_ws/build/mecanum_drive_controller/test_results/mecanum_drive_controller/test_mecanum_drive_controller_preceeding.gtest.xml"
3: Test timeout computed to be: 60
3: -- run_test.py: invoking following command in '/home/nwhit210/omnicar_2_ws/build/mecanum_drive_controller':
3:  - /home/nwhit210/omnicar_2_ws/build/mecanum_drive_controller/test_mecanum_drive_controller_preceeding --ros-args --params-file /home/nwhit210/omnicar_2_ws/src/mecanum_drive_controller/test/mecanum_drive_controller_preceeding_params.yaml -- --gtest_output=xml:/home/nwhit210/omnicar_2_ws/build/mecanum_drive_controller/test_results/mecanum_drive_controller/test_mecanum_drive_controller_preceeding.gtest.xml
3: [==========] Running 2 tests from 1 test suite.
3: [----------] Global test environment set-up.
3: [----------] 2 tests from MecanumDriveControllerTest
3: [ RUN      ] MecanumDriveControllerTest.when_controller_is_configured_expect_all_parameters_set
3: [INFO] [1742273322.009870094] [test_mecanum_drive_controller]: MecanumDriveController configured successfully
3: [       OK ] MecanumDriveControllerTest.when_controller_is_configured_expect_all_parameters_set (101 ms)
3: [ RUN      ] MecanumDriveControllerTest.when_controller_configured_expect_properly_exported_interfaces
3: [INFO] [1742273322.082175325] [test_mecanum_drive_controller]: MecanumDriveController configured successfully
3: [       OK ] MecanumDriveControllerTest.when_controller_configured_expect_properly_exported_interfaces (62 ms)
3: [----------] 2 tests from MecanumDriveControllerTest (163 ms total)
3: 
3: [----------] Global test environment tear-down
3: [==========] 2 tests from 1 test suite ran. (163 ms total)
3: [  PASSED  ] 2 tests.
3: -- run_test.py: return code 0
3: -- run_test.py: inject classname prefix into gtest result file '/home/nwhit210/omnicar_2_ws/build/mecanum_drive_controller/test_results/mecanum_drive_controller/test_mecanum_drive_controller_preceeding.gtest.xml'
3: -- run_test.py: verify result file '/home/nwhit210/omnicar_2_ws/build/mecanum_drive_controller/test_results/mecanum_drive_controller/test_mecanum_drive_controller_preceeding.gtest.xml'
3/3 Test #3: test_mecanum_drive_controller_preceeding ...   Passed    0.36 sec

67% tests passed[0;0m, [0;31m1 tests failed[0;0m out of 3

Label Time Summary:
gmock    =   0.13 sec*proc (1 test)

Total Test time (real) =   4.06 sec

The following tests FAILED:
	[0;31m  1 - test_load_mecanum_drive_controller (Failed)[0;0m
