[0.188s] Invoking command in '/home/nwhit210/omnicar_2_ws/build/mecanum_drive_controller': CMAKE_PREFIX_PATH=/home/nwhit210/omnicar_2_ws/install/mecanum_drive_controller:/home/nwhit210/omnicar_2_ws/install/omnicar:/home/nwhit210/omnicar_2_ws/install/arduino_hardware_controller /usr/bin/ctest -C Release -D ExperimentalTest --no-compress-output -V --force-new-ctest-process
[0.199s] UpdateCTestConfiguration  from :/home/nwhit210/omnicar_2_ws/build/mecanum_drive_controller/CTestConfiguration.ini
[0.199s] Parse Config file:/home/nwhit210/omnicar_2_ws/build/mecanum_drive_controller/CTestConfiguration.ini
[0.199s]    Site: nwhit210
[0.199s]    Build name: (empty)
[0.199s]  Add coverage exclude regular expressions.
[0.200s] Create new tag: 20250318-0448 - Experimental
[0.200s] UpdateCTestConfiguration  from :/home/nwhit210/omnicar_2_ws/build/mecanum_drive_controller/CTestConfiguration.ini
[0.200s] Parse Config file:/home/nwhit210/omnicar_2_ws/build/mecanum_drive_controller/CTestConfiguration.ini
[0.200s] Test project /home/nwhit210/omnicar_2_ws/build/mecanum_drive_controller
[0.200s] Constructing a list of tests
[0.200s] Done constructing a list of tests
[0.200s] Updating test list for fixtures
[0.200s] Added 0 tests to meet fixture requirements
[0.200s] Checking test dependency graph...
[0.200s] Checking test dependency graph end
[0.200s] test 1
[0.201s]     Start 1: test_load_mecanum_drive_controller
[0.201s] 
[0.201s] 1: Test command: /usr/bin/python3 "-u" "/opt/ros/humble/share/ament_cmake_test/cmake/run_test.py" "/home/nwhit210/omnicar_2_ws/build/mecanum_drive_controller/test_results/mecanum_drive_controller/test_load_mecanum_drive_controller.gtest.xml" "--package-name" "mecanum_drive_controller" "--output-file" "/home/nwhit210/omnicar_2_ws/build/mecanum_drive_controller/ament_cmake_gmock/test_load_mecanum_drive_controller.txt" "--command" "/home/nwhit210/omnicar_2_ws/build/mecanum_drive_controller/test_load_mecanum_drive_controller" "--gtest_output=xml:/home/nwhit210/omnicar_2_ws/build/mecanum_drive_controller/test_results/mecanum_drive_controller/test_load_mecanum_drive_controller.gtest.xml"
[0.201s] 1: Test timeout computed to be: 60
[0.283s] 1: -- run_test.py: invoking following command in '/home/nwhit210/omnicar_2_ws/build/mecanum_drive_controller':
[0.283s] 1:  - /home/nwhit210/omnicar_2_ws/build/mecanum_drive_controller/test_load_mecanum_drive_controller --gtest_output=xml:/home/nwhit210/omnicar_2_ws/build/mecanum_drive_controller/test_results/mecanum_drive_controller/test_load_mecanum_drive_controller.gtest.xml
[0.306s] 1: [==========] Running 1 test from 1 test suite.
[0.306s] 1: [----------] Global test environment set-up.
[0.306s] 1: [----------] 1 test from TestLoadMecanumDriveController
[0.306s] 1: [ RUN      ] TestLoadMecanumDriveController.load_controller
[0.307s] 1: [INFO] [1742273318.277876345] [resource_manager]: Loading hardware 'TestActuatorHardware' 
[0.308s] 1: unknown file: Failure
[0.308s] 1: C++ exception with description "According to the loaded plugin descriptions the class test_actuator with base class type hardware_interface::ActuatorInterface does not exist. Declared types are  test_hardware_components/TestSingleJointActuator" thrown in the test body.
[0.309s] 1: [  FAILED  ] TestLoadMecanumDriveController.load_controller (3 ms)
[0.309s] 1: [----------] 1 test from TestLoadMecanumDriveController (3 ms total)
[0.309s] 1: 
[0.310s] 1: [----------] Global test environment tear-down
[0.310s] 1: [==========] 1 test from 1 test suite ran. (3 ms total)
[0.310s] 1: [  PASSED  ] 0 tests.
[0.310s] 1: [  FAILED  ] 1 test, listed below:
[0.311s] 1: [  FAILED  ] TestLoadMecanumDriveController.load_controller
[0.311s] 1: 
[0.311s] 1:  1 FAILED TEST
[0.311s] 1: -- run_test.py: return code 1
[0.311s] 1: -- run_test.py: inject classname prefix into gtest result file '/home/nwhit210/omnicar_2_ws/build/mecanum_drive_controller/test_results/mecanum_drive_controller/test_load_mecanum_drive_controller.gtest.xml'
[0.312s] 1: -- run_test.py: verify result file '/home/nwhit210/omnicar_2_ws/build/mecanum_drive_controller/test_results/mecanum_drive_controller/test_load_mecanum_drive_controller.gtest.xml'
[0.322s] 1/3 Test #1: test_load_mecanum_drive_controller .........***Failed    0.13 sec
[0.322s] test 2
[0.322s]     Start 2: test_mecanum_drive_controller
[0.322s] 
[0.322s] 2: Test command: /usr/bin/python3 "-u" "/opt/ros/humble/share/ament_cmake_test/cmake/run_test.py" "/home/nwhit210/omnicar_2_ws/build/mecanum_drive_controller/test_results/mecanum_drive_controller/test_mecanum_drive_controller.gtest.xml" "--package-name" "mecanum_drive_controller" "--output-file" "/home/nwhit210/omnicar_2_ws/build/mecanum_drive_controller/test_results/mecanum_drive_controller/test_mecanum_drive_controller.txt" "--command" "/home/nwhit210/omnicar_2_ws/build/mecanum_drive_controller/test_mecanum_drive_controller" "--ros-args" "--params-file" "/home/nwhit210/omnicar_2_ws/src/mecanum_drive_controller/test/mecanum_drive_controller_params.yaml" "--" "--gtest_output=xml:/home/nwhit210/omnicar_2_ws/build/mecanum_drive_controller/test_results/mecanum_drive_controller/test_mecanum_drive_controller.gtest.xml"
[0.322s] 2: Test timeout computed to be: 60
[0.387s] 2: -- run_test.py: invoking following command in '/home/nwhit210/omnicar_2_ws/build/mecanum_drive_controller':
[0.387s] 2:  - /home/nwhit210/omnicar_2_ws/build/mecanum_drive_controller/test_mecanum_drive_controller --ros-args --params-file /home/nwhit210/omnicar_2_ws/src/mecanum_drive_controller/test/mecanum_drive_controller_params.yaml -- --gtest_output=xml:/home/nwhit210/omnicar_2_ws/build/mecanum_drive_controller/test_results/mecanum_drive_controller/test_mecanum_drive_controller.gtest.xml
[0.448s] 2: [==========] Running 16 tests from 1 test suite.
[0.448s] 2: [----------] Global test environment set-up.
[0.448s] 2: [----------] 16 tests from MecanumDriveControllerTest
[0.448s] 2: [ RUN      ] MecanumDriveControllerTest.when_controller_is_configured_expect_all_parameters_set
[0.506s] 2: [INFO] [1742273318.476633321] [test_mecanum_drive_controller]: MecanumDriveController configured successfully
[0.520s] 2: [       OK ] MecanumDriveControllerTest.when_controller_is_configured_expect_all_parameters_set (72 ms)
[0.520s] 2: [ RUN      ] MecanumDriveControllerTest.when_controller_configured_expect_properly_exported_interfaces
[0.543s] 2: [INFO] [1742273318.513938922] [test_mecanum_drive_controller]: MecanumDriveController configured successfully
[0.560s] 2: [       OK ] MecanumDriveControllerTest.when_controller_configured_expect_properly_exported_interfaces (40 ms)
[0.560s] 2: [ RUN      ] MecanumDriveControllerTest.when_controller_is_activated_expect_reference_reset
[0.588s] 2: [INFO] [1742273318.558916433] [test_mecanum_drive_controller]: MecanumDriveController configured successfully
[0.607s] 2: [       OK ] MecanumDriveControllerTest.when_controller_is_activated_expect_reference_reset (47 ms)
[0.607s] 2: [ RUN      ] MecanumDriveControllerTest.when_controller_active_and_update_called_expect_success
[0.631s] 2: [INFO] [1742273318.601467423] [test_mecanum_drive_controller]: MecanumDriveController configured successfully
[0.648s] 2: [       OK ] MecanumDriveControllerTest.when_controller_active_and_update_called_expect_success (41 ms)
[0.648s] 2: [ RUN      ] MecanumDriveControllerTest.when_active_controller_is_deactivated_expect_success
[0.673s] 2: [INFO] [1742273318.643297074] [test_mecanum_drive_controller]: MecanumDriveController configured successfully
[0.692s] 2: [       OK ] MecanumDriveControllerTest.when_active_controller_is_deactivated_expect_success (45 ms)
[0.693s] 2: [ RUN      ] MecanumDriveControllerTest.when_controller_is_reactivated_expect_cmd_itfs_not_set_and_update_success
[0.719s] 2: [INFO] [1742273318.689314149] [test_mecanum_drive_controller]: MecanumDriveController configured successfully
[0.734s] 2: [       OK ] MecanumDriveControllerTest.when_controller_is_reactivated_expect_cmd_itfs_not_set_and_update_success (41 ms)
[0.734s] 2: [ RUN      ] MecanumDriveControllerTest.when_update_is_called_expect_status_message
[0.754s] 2: [INFO] [1742273318.724476510] [test_mecanum_drive_controller]: MecanumDriveController configured successfully
[0.776s] 2: [       OK ] MecanumDriveControllerTest.when_update_is_called_expect_status_message (42 ms)
[0.777s] 2: [ RUN      ] MecanumDriveControllerTest.when_reference_msg_received_expect_updated_commands_and_status_message
[0.801s] 2: [INFO] [1742273318.771121207] [test_mecanum_drive_controller]: MecanumDriveController configured successfully
[1.335s] 2: [       OK ] MecanumDriveControllerTest.when_reference_msg_received_expect_updated_commands_and_status_message (559 ms)
[1.335s] 2: [ RUN      ] MecanumDriveControllerTest.when_reference_msg_is_too_old_expect_unset_reference
[1.353s] 2: [INFO] [1742273319.323872625] [test_mecanum_drive_controller]: MecanumDriveController configured successfully
[1.354s] 2: [ERROR] [1742273319.324159564] [test_mecanum_drive_controller]: Received message has timestamp 1742273318.3240063190 older by 1.0001461050 than allowed timeout (0.9000).
[1.865s] 2: [       OK ] MecanumDriveControllerTest.when_reference_msg_is_too_old_expect_unset_reference (530 ms)
[1.865s] 2: [ RUN      ] MecanumDriveControllerTest.when_reference_msg_has_timestamp_zero_expect_reference_set_and_timestamp_set_to_current_time
[1.883s] 2: [INFO] [1742273319.853703622] [test_mecanum_drive_controller]: MecanumDriveController configured successfully
[1.883s] 2: [WARN] [1742273319.854047177] [test_mecanum_drive_controller]: Timestamp in header is missing, using current time as command timestamp.
[2.402s] 2: [       OK ] MecanumDriveControllerTest.when_reference_msg_has_timestamp_zero_expect_reference_set_and_timestamp_set_to_current_time (537 ms)
[2.402s] 2: [ RUN      ] MecanumDriveControllerTest.when_message_has_valid_timestamp_expect_reference_set
[2.434s] 2: [INFO] [1742273320.404255939] [test_mecanum_drive_controller]: MecanumDriveController configured successfully
[2.966s] 2: [       OK ] MecanumDriveControllerTest.when_message_has_valid_timestamp_expect_reference_set (564 ms)
[2.966s] 2: [ RUN      ] MecanumDriveControllerTest.when_ref_msg_old_expect_cmnd_itfs_set_to_zero_otherwise_to_valid_cmnds
[3.007s] 2: [INFO] [1742273320.977567976] [test_mecanum_drive_controller]: MecanumDriveController configured successfully
[3.043s] 2: [       OK ] MecanumDriveControllerTest.when_ref_msg_old_expect_cmnd_itfs_set_to_zero_otherwise_to_valid_cmnds (77 ms)
[3.043s] 2: [ RUN      ] MecanumDriveControllerTest.when_controller_in_chainable_mode_expect_receiving_commands_from_reference_interfaces_directly
[3.084s] 2: [INFO] [1742273321.054706840] [test_mecanum_drive_controller]: MecanumDriveController configured successfully
[3.114s] 2: [       OK ] MecanumDriveControllerTest.when_controller_in_chainable_mode_expect_receiving_commands_from_reference_interfaces_directly (71 ms)
[3.114s] 2: [ RUN      ] MecanumDriveControllerTest.when_reference_timeout_is_zero_expect_reference_msg_being_used_only_once
[3.150s] 2: [INFO] [1742273321.120535658] [test_mecanum_drive_controller]: MecanumDriveController configured successfully
[3.176s] 2: [       OK ] MecanumDriveControllerTest.when_reference_timeout_is_zero_expect_reference_msg_being_used_only_once (62 ms)
[3.177s] 2: [ RUN      ] MecanumDriveControllerTest.when_ref_timeout_zero_for_reference_callback_expect_reference_msg_being_used_only_once
[3.211s] 2: [INFO] [1742273321.181843092] [test_mecanum_drive_controller]: MecanumDriveController configured successfully
[3.736s] 2: [       OK ] MecanumDriveControllerTest.when_ref_timeout_zero_for_reference_callback_expect_reference_msg_being_used_only_once (560 ms)
[3.736s] 2: [ RUN      ] MecanumDriveControllerTest.SideToSideAndRotationOdometryTest
[3.753s] 2: [INFO] [1742273321.723970320] [test_mecanum_drive_controller_with_rotation]: MecanumDriveController configured successfully
[3.754s] 2: [INFO] [1742273321.724328175] [test_mecanum_drive_controller_with_rotation]: odometry: -0.004899, 0.040010, 0.000000
[3.765s] 2: [       OK ] MecanumDriveControllerTest.SideToSideAndRotationOdometryTest (29 ms)
[3.765s] 2: [----------] 16 tests from MecanumDriveControllerTest (3317 ms total)
[3.766s] 2: 
[3.766s] 2: [----------] Global test environment tear-down
[3.766s] 2: [==========] 16 tests from 1 test suite ran. (3317 ms total)
[3.766s] 2: [  PASSED  ] 16 tests.
[3.872s] 2: -- run_test.py: return code 0
[3.873s] 2: -- run_test.py: inject classname prefix into gtest result file '/home/nwhit210/omnicar_2_ws/build/mecanum_drive_controller/test_results/mecanum_drive_controller/test_mecanum_drive_controller.gtest.xml'
[3.873s] 2: -- run_test.py: verify result file '/home/nwhit210/omnicar_2_ws/build/mecanum_drive_controller/test_results/mecanum_drive_controller/test_mecanum_drive_controller.gtest.xml'
[3.892s] 2/3 Test #2: test_mecanum_drive_controller ..............   Passed    3.57 sec
[3.892s] test 3
[3.893s]     Start 3: test_mecanum_drive_controller_preceeding
[3.893s] 
[3.893s] 3: Test command: /usr/bin/python3 "-u" "/opt/ros/humble/share/ament_cmake_test/cmake/run_test.py" "/home/nwhit210/omnicar_2_ws/build/mecanum_drive_controller/test_results/mecanum_drive_controller/test_mecanum_drive_controller_preceeding.gtest.xml" "--package-name" "mecanum_drive_controller" "--output-file" "/home/nwhit210/omnicar_2_ws/build/mecanum_drive_controller/test_results/mecanum_drive_controller/test_mecanum_drive_controller_preceeding.txt" "--command" "/home/nwhit210/omnicar_2_ws/build/mecanum_drive_controller/test_mecanum_drive_controller_preceeding" "--ros-args" "--params-file" "/home/nwhit210/omnicar_2_ws/src/mecanum_drive_controller/test/mecanum_drive_controller_preceeding_params.yaml" "--" "--gtest_output=xml:/home/nwhit210/omnicar_2_ws/build/mecanum_drive_controller/test_results/mecanum_drive_controller/test_mecanum_drive_controller_preceeding.gtest.xml"
[3.893s] 3: Test timeout computed to be: 60
[3.961s] 3: -- run_test.py: invoking following command in '/home/nwhit210/omnicar_2_ws/build/mecanum_drive_controller':
[3.961s] 3:  - /home/nwhit210/omnicar_2_ws/build/mecanum_drive_controller/test_mecanum_drive_controller_preceeding --ros-args --params-file /home/nwhit210/omnicar_2_ws/src/mecanum_drive_controller/test/mecanum_drive_controller_preceeding_params.yaml -- --gtest_output=xml:/home/nwhit210/omnicar_2_ws/build/mecanum_drive_controller/test_results/mecanum_drive_controller/test_mecanum_drive_controller_preceeding.gtest.xml
[3.978s] 3: [==========] Running 2 tests from 1 test suite.
[3.978s] 3: [----------] Global test environment set-up.
[3.978s] 3: [----------] 2 tests from MecanumDriveControllerTest
[3.978s] 3: [ RUN      ] MecanumDriveControllerTest.when_controller_is_configured_expect_all_parameters_set
[4.039s] 3: [INFO] [1742273322.009870094] [test_mecanum_drive_controller]: MecanumDriveController configured successfully
[4.079s] 3: [       OK ] MecanumDriveControllerTest.when_controller_is_configured_expect_all_parameters_set (101 ms)
[4.079s] 3: [ RUN      ] MecanumDriveControllerTest.when_controller_configured_expect_properly_exported_interfaces
[4.112s] 3: [INFO] [1742273322.082175325] [test_mecanum_drive_controller]: MecanumDriveController configured successfully
[4.141s] 3: [       OK ] MecanumDriveControllerTest.when_controller_configured_expect_properly_exported_interfaces (62 ms)
[4.141s] 3: [----------] 2 tests from MecanumDriveControllerTest (163 ms total)
[4.141s] 3: 
[4.141s] 3: [----------] Global test environment tear-down
[4.142s] 3: [==========] 2 tests from 1 test suite ran. (163 ms total)
[4.142s] 3: [  PASSED  ] 2 tests.
[4.245s] 3: -- run_test.py: return code 0
[4.245s] 3: -- run_test.py: inject classname prefix into gtest result file '/home/nwhit210/omnicar_2_ws/build/mecanum_drive_controller/test_results/mecanum_drive_controller/test_mecanum_drive_controller_preceeding.gtest.xml'
[4.246s] 3: -- run_test.py: verify result file '/home/nwhit210/omnicar_2_ws/build/mecanum_drive_controller/test_results/mecanum_drive_controller/test_mecanum_drive_controller_preceeding.gtest.xml'
[4.256s] 3/3 Test #3: test_mecanum_drive_controller_preceeding ...   Passed    0.36 sec
[4.256s] 
[4.256s] 67% tests passed[0;0m, [0;31m1 tests failed[0;0m out of 3
[4.256s] 
[4.256s] Label Time Summary:
[4.256s] gmock    =   0.13 sec*proc (1 test)
[4.256s] 
[4.256s] Total Test time (real) =   4.06 sec
[4.256s] 
[4.256s] The following tests FAILED:
[4.256s] 	[0;31m  1 - test_load_mecanum_drive_controller (Failed)[0;0m
[4.258s] Errors while running CTest
[4.258s] Output from these tests are in: /home/nwhit210/omnicar_2_ws/build/mecanum_drive_controller/Testing/Temporary/LastTest.log
[4.258s] Use "--rerun-failed --output-on-failure" to re-run the failed cases verbosely.
[4.261s] Invoked command in '/home/nwhit210/omnicar_2_ws/build/mecanum_drive_controller' returned '8': CMAKE_PREFIX_PATH=/home/nwhit210/omnicar_2_ws/install/mecanum_drive_controller:/home/nwhit210/omnicar_2_ws/install/omnicar:/home/nwhit210/omnicar_2_ws/install/arduino_hardware_controller /usr/bin/ctest -C Release -D ExperimentalTest --no-compress-output -V --force-new-ctest-process
