Start testing: Mar 18 14:48 AEST
----------------------------------------------------------
1/5 Testing: copyright
1/5 Test: copyright
Command: "/usr/bin/python3" "-u" "/opt/ros/humble/share/ament_cmake_test/cmake/run_test.py" "/home/nwhit210/omnicar_2_ws/build/omnicar/test_results/omnicar/copyright.xunit.xml" "--package-name" "omnicar" "--output-file" "/home/nwhit210/omnicar_2_ws/build/omnicar/ament_copyright/copyright.txt" "--command" "/opt/ros/humble/bin/ament_copyright" "--xunit-file" "/home/nwhit210/omnicar_2_ws/build/omnicar/test_results/omnicar/copyright.xunit.xml"
Directory: /home/nwhit210/omnicar_2_ws/src/omnicar
"copyright" start time: Mar 18 14:48 AEST
Output:
----------------------------------------------------------
-- run_test.py: invoking following command in '/home/nwhit210/omnicar_2_ws/src/omnicar':
 - /opt/ros/humble/bin/ament_copyright --xunit-file /home/nwhit210/omnicar_2_ws/build/omnicar/test_results/omnicar/copyright.xunit.xml
launch/joint_pub.launch.py: could not find copyright notice
launch/joystick.launch.py: could not find copyright notice
launch/launch_bot.launch.py: could not find copyright notice
launch/launch_sim.launch.py: could not find copyright notice
launch/rsp.launch.py: could not find copyright notice
5 errors, checked 5 files
-- run_test.py: return code 1
-- run_test.py: verify result file '/home/nwhit210/omnicar_2_ws/build/omnicar/test_results/omnicar/copyright.xunit.xml'
<end of output>
Test time =   0.25 sec
----------------------------------------------------------
Test Failed.
"copyright" end time: Mar 18 14:48 AEST
"copyright" time elapsed: 00:00:00
----------------------------------------------------------

2/5 Testing: flake8
2/5 Test: flake8
Command: "/usr/bin/python3" "-u" "/opt/ros/humble/share/ament_cmake_test/cmake/run_test.py" "/home/nwhit210/omnicar_2_ws/build/omnicar/test_results/omnicar/flake8.xunit.xml" "--package-name" "omnicar" "--output-file" "/home/nwhit210/omnicar_2_ws/build/omnicar/ament_flake8/flake8.txt" "--command" "/opt/ros/humble/bin/ament_flake8" "--xunit-file" "/home/nwhit210/omnicar_2_ws/build/omnicar/test_results/omnicar/flake8.xunit.xml"
Directory: /home/nwhit210/omnicar_2_ws/src/omnicar
"flake8" start time: Mar 18 14:48 AEST
Output:
----------------------------------------------------------
-- run_test.py: invoking following command in '/home/nwhit210/omnicar_2_ws/src/omnicar':
 - /opt/ros/humble/bin/ament_flake8 --xunit-file /home/nwhit210/omnicar_2_ws/build/omnicar/test_results/omnicar/flake8.xunit.xml
from launch.actions import IncludeLaunchDescription, TimerAction
^
    package_name='omnicar'
                ^
    robot_description = Command(['ros2 param get --hide-type/robot_state_publisher robot_description'])
                        ^
    robot_description = Command(['ros2 param get --hide-type/robot_state_publisher robot_description'])
                                                                                                   ^
    controller_params = os.path.join(get_package_share_directory(package_name), 'config','my_controllers.yaml')
    ^
    controller_params = os.path.join(get_package_share_directory(package_name), 'config','my_controllers.yaml')
                                                                                        ^
    controller_params = os.path.join(get_package_share_directory(package_name), 'config','my_controllers.yaml')
                                                                                                   ^
      PythonLaunchDescriptionSource([os.path.join(get_package_share_directory(package_name),'launch','rsp.launch.py')]), 
                                                                                           ^
      PythonLaunchDescriptionSource([os.path.join(get_package_share_directory(package_name),'launch','rsp.launch.py')]), 
                                                                                                   ^
      PythonLaunchDescriptionSource([os.path.join(get_package_share_directory(package_name),'launch','rsp.launch.py')]), 
                                                                                                    ^
      PythonLaunchDescriptionSource([os.path.join(get_package_share_directory(package_name),'launch','rsp.launch.py')]), 
                                                                                                                        ^
    delayed_controller_manager = TimerAction(period=3.0,actions=[controller_manager])
                                                       ^
    diff_drive_spawner = Node(
    ^
    package="controller_manager",
    ^
    executable="spawner",
    ^
    arguments=["diff_cont"],
    ^
    joint_broad_spawner = Node(
    ^
def generate_launch_description():
^
    package_name='omnicar'
                ^
    rsp = IncludeLaunchDescription(
    ^
      get_package_share_directory(package_name),'launch','rsp.launch.py')]), 
      ^
      get_package_share_directory(package_name),'launch','rsp.launch.py')]), 
                                               ^
      get_package_share_directory(package_name),'launch','rsp.launch.py')]), 
                                                        ^
      get_package_share_directory(package_name),'launch','rsp.launch.py')]), 
                                                                            ^
    # Include the Gazebo launch file, provided by the gazebo_ros package
    ^
      PythonLaunchDescriptionSource([os.path.join(get_package_share_directory('gazebo_ros'), 'launch', 'gazebo.launch.py')])
                                                                                                   ^
    # Run the spawner node from the gazebo_ros package. The entity name doesn't really matter if you only have a single robot.
    ^
    # Run the spawner node from the gazebo_ros package. The entity name doesn't really matter if you only have a single robot.
                                                                                                   ^
      package='gazebo_ros', 
                           ^
    diff_drive_spawner = Node(
    ^
    joint_broad_spawner = Node(
    ^
    # Launch them all!
    ^
import os
^
from ament_index_python.packages import get_package_share_directory
^
from launch.substitutions import LaunchConfiguration
^
from launch.actions import DeclareLaunchArgument
^
import xacro
^
def generate_launch_description():
^
        Node(package='joint_state_publisher_gui', executable='joint_state_publisher_gui', output='screen'),
                                                                                                   ^
        
^
    ])      ^
from launch.actions import DeclareLaunchArgument
^
def generate_launch_description():
^
    xacro_file = os.path.join(pkg_path,'description','robot.urdf.xacro')
                                      ^
    xacro_file = os.path.join(pkg_path,'description','robot.urdf.xacro')
                                                    ^
    
^
    return LaunchDescription([
    ^
        Node(package='robot_state_publisher', executable='robot_state_publisher', output='screen', parameters=[params])
                                                                                                   ^
    ])      ^
def generate_launch_description():
^
  joy_params = os.path.join(get_package_share_directory('omnicar'),'config','joystick.yaml')
  ^
  joy_params = os.path.join(get_package_share_directory('omnicar'),'config','joystick.yaml')
                                                                  ^
  joy_params = os.path.join(get_package_share_directory('omnicar'),'config','joystick.yaml')
                                                                           ^
  joy_node = Node(
  ^
  teleop_node = Node(
  ^
    name = 'teleop_node',
        ^
    name = 'teleop_node',
          ^
  return LaunchDescription([
  ^
4     E111 indentation is not a multiple of 4
4     E122 continuation line missing indentation or outdented
2     E225 missing whitespace around operator
10    E231 missing whitespace after ','
2     E251 unexpected spaces around keyword / parameter equals
3     E302 expected 2 blank lines, found 0
11    E303 too many blank lines (2)
7     E501 line too long (107 > 99 characters)
6     F401 'os' imported but unused
1     F811 redefinition of unused 'IncludeLaunchDescription' from line 6
1     F821 undefined name 'Command'
3     W291 trailing whitespace
2     W292 no newline at end of file
2     W293 blank line contains whitespace

./launch/launch_bot.launch.py:10:1: F811 redefinition of unused 'IncludeLaunchDescription' from line 6

./launch/launch_bot.launch.py:16:17: E225 missing whitespace around operator

./launch/launch_bot.launch.py:17:25: F821 undefined name 'Command'

./launch/launch_bot.launch.py:17:100: E501 line too long (103 > 99 characters)

./launch/launch_bot.launch.py:20:5: E303 too many blank lines (2)

./launch/launch_bot.launch.py:20:89: E231 missing whitespace after ','

./launch/launch_bot.launch.py:20:100: E501 line too long (111 > 99 characters)

./launch/launch_bot.launch.py:23:92: E231 missing whitespace after ','

./launch/launch_bot.launch.py:23:100: E501 line too long (120 > 99 characters)

./launch/launch_bot.launch.py:23:101: E231 missing whitespace after ','

./launch/launch_bot.launch.py:23:121: W291 trailing whitespace

./launch/launch_bot.launch.py:32:56: E231 missing whitespace after ','

./launch/launch_bot.launch.py:36:5: E303 too many blank lines (3)

./launch/launch_bot.launch.py:37:5: E122 continuation line missing indentation or outdented

./launch/launch_bot.launch.py:38:5: E122 continuation line missing indentation or outdented

./launch/launch_bot.launch.py:39:5: E122 continuation line missing indentation or outdented

./launch/launch_bot.launch.py:49:5: E303 too many blank lines (2)

./launch/launch_sim.launch.py:14:1: E303 too many blank lines (3)

./launch/launch_sim.launch.py:15:17: E225 missing whitespace around operator

./launch/launch_sim.launch.py:18:5: E303 too many blank lines (2)

./launch/launch_sim.launch.py:20:7: E122 continuation line missing indentation or outdented

./launch/launch_sim.launch.py:20:48: E231 missing whitespace after ','

./launch/launch_sim.launch.py:20:57: E231 missing whitespace after ','

./launch/launch_sim.launch.py:20:77: W291 trailing whitespace

./launch/launch_sim.launch.py:25:5: E303 too many blank lines (2)

./launch/launch_sim.launch.py:27:100: E501 line too long (124 > 99 characters)

./launch/launch_sim.launch.py:31:5: E303 too many blank lines (2)

./launch/launch_sim.launch.py:31:100: E501 line too long (126 > 99 characters)

./launch/launch_sim.launch.py:33:28: W291 trailing whitespace

./launch/launch_sim.launch.py:40:5: E303 too many blank lines (2)

./launch/launch_sim.launch.py:47:5: E303 too many blank lines (2)

./launch/launch_sim.launch.py:54:5: E303 too many blank lines (2)

./launch/joint_pub.launch.py:1:1: F401 'os' imported but unused

./launch/joint_pub.launch.py:3:1: F401 'ament_index_python.packages.get_package_share_directory' imported but unused

./launch/joint_pub.launch.py:6:1: F401 'launch.substitutions.LaunchConfiguration' imported but unused

./launch/joint_pub.launch.py:7:1: F401 'launch.actions.DeclareLaunchArgument' imported but unused

./launch/joint_pub.launch.py:10:1: F401 'xacro' imported but unused

./launch/joint_pub.launch.py:11:1: E302 expected 2 blank lines, found 0

./launch/joint_pub.launch.py:15:100: E501 line too long (107 > 99 characters)

./launch/joint_pub.launch.py:16:1: W293 blank line contains whitespace

./launch/joint_pub.launch.py:17:7: W292 no newline at end of file

./launch/rsp.launch.py:7:1: F401 'launch.actions.DeclareLaunchArgument' imported but unused

./launch/rsp.launch.py:11:1: E302 expected 2 blank lines, found 0

./launch/rsp.launch.py:17:39: E231 missing whitespace after ','

./launch/rsp.launch.py:17:53: E231 missing whitespace after ','

./launch/rsp.launch.py:19:1: W293 blank line contains whitespace

./launch/rsp.launch.py:25:5: E303 too many blank lines (3)

./launch/rsp.launch.py:27:100: E501 line too long (119 > 99 characters)

./launch/rsp.launch.py:28:7: W292 no newline at end of file

./launch/joystick.launch.py:5:1: E302 expected 2 blank lines, found 0

./launch/joystick.launch.py:6:3: E111 indentation is not a multiple of 4

./launch/joystick.launch.py:6:67: E231 missing whitespace after ','

./launch/joystick.launch.py:6:76: E231 missing whitespace after ','

./launch/joystick.launch.py:8:3: E111 indentation is not a multiple of 4

./launch/joystick.launch.py:14:3: E111 indentation is not a multiple of 4

./launch/joystick.launch.py:17:9: E251 unexpected spaces around keyword / parameter equals

./launch/joystick.launch.py:17:11: E251 unexpected spaces around keyword / parameter equals

./launch/joystick.launch.py:22:3: E111 indentation is not a multiple of 4


5 files checked
58 errors

'E'-type errors: 43
'F'-type errors: 8
'W'-type errors: 7

Checked files:

* ./launch/launch_bot.launch.py
* ./launch/launch_sim.launch.py
* ./launch/joint_pub.launch.py
* ./launch/rsp.launch.py
* ./launch/joystick.launch.py
-- run_test.py: return code 1
-- run_test.py: verify result file '/home/nwhit210/omnicar_2_ws/build/omnicar/test_results/omnicar/flake8.xunit.xml'
<end of output>
Test time =   0.48 sec
----------------------------------------------------------
Test Failed.
"flake8" end time: Mar 18 14:48 AEST
"flake8" time elapsed: 00:00:00
----------------------------------------------------------

3/5 Testing: lint_cmake
3/5 Test: lint_cmake
Command: "/usr/bin/python3" "-u" "/opt/ros/humble/share/ament_cmake_test/cmake/run_test.py" "/home/nwhit210/omnicar_2_ws/build/omnicar/test_results/omnicar/lint_cmake.xunit.xml" "--package-name" "omnicar" "--output-file" "/home/nwhit210/omnicar_2_ws/build/omnicar/ament_lint_cmake/lint_cmake.txt" "--command" "/opt/ros/humble/bin/ament_lint_cmake" "--xunit-file" "/home/nwhit210/omnicar_2_ws/build/omnicar/test_results/omnicar/lint_cmake.xunit.xml"
Directory: /home/nwhit210/omnicar_2_ws/src/omnicar
"lint_cmake" start time: Mar 18 14:48 AEST
Output:
----------------------------------------------------------
-- run_test.py: invoking following command in '/home/nwhit210/omnicar_2_ws/src/omnicar':
 - /opt/ros/humble/bin/ament_lint_cmake --xunit-file /home/nwhit210/omnicar_2_ws/build/omnicar/test_results/omnicar/lint_cmake.xunit.xml

No problems found
-- run_test.py: return code 0
-- run_test.py: verify result file '/home/nwhit210/omnicar_2_ws/build/omnicar/test_results/omnicar/lint_cmake.xunit.xml'
<end of output>
Test time =   0.24 sec
----------------------------------------------------------
Test Passed.
"lint_cmake" end time: Mar 18 14:48 AEST
"lint_cmake" time elapsed: 00:00:00
----------------------------------------------------------

4/5 Testing: pep257
4/5 Test: pep257
Command: "/usr/bin/python3" "-u" "/opt/ros/humble/share/ament_cmake_test/cmake/run_test.py" "/home/nwhit210/omnicar_2_ws/build/omnicar/test_results/omnicar/pep257.xunit.xml" "--package-name" "omnicar" "--output-file" "/home/nwhit210/omnicar_2_ws/build/omnicar/ament_pep257/pep257.txt" "--command" "/opt/ros/humble/bin/ament_pep257" "--xunit-file" "/home/nwhit210/omnicar_2_ws/build/omnicar/test_results/omnicar/pep257.xunit.xml"
Directory: /home/nwhit210/omnicar_2_ws/src/omnicar
"pep257" start time: Mar 18 14:48 AEST
Output:
----------------------------------------------------------
-- run_test.py: invoking following command in '/home/nwhit210/omnicar_2_ws/src/omnicar':
 - /opt/ros/humble/bin/ament_pep257 --xunit-file /home/nwhit210/omnicar_2_ws/build/omnicar/test_results/omnicar/pep257.xunit.xml
checking ./launch/joint_pub.launch.py
checking ./launch/joystick.launch.py
checking ./launch/launch_bot.launch.py
checking ./launch/launch_sim.launch.py
checking ./launch/rsp.launch.py
No problems found
-- run_test.py: return code 0
-- run_test.py: verify result file '/home/nwhit210/omnicar_2_ws/build/omnicar/test_results/omnicar/pep257.xunit.xml'
<end of output>
Test time =   0.34 sec
----------------------------------------------------------
Test Passed.
"pep257" end time: Mar 18 14:48 AEST
"pep257" time elapsed: 00:00:00
----------------------------------------------------------

5/5 Testing: xmllint
5/5 Test: xmllint
Command: "/usr/bin/python3" "-u" "/opt/ros/humble/share/ament_cmake_test/cmake/run_test.py" "/home/nwhit210/omnicar_2_ws/build/omnicar/test_results/omnicar/xmllint.xunit.xml" "--package-name" "omnicar" "--output-file" "/home/nwhit210/omnicar_2_ws/build/omnicar/ament_xmllint/xmllint.txt" "--command" "/opt/ros/humble/bin/ament_xmllint" "--xunit-file" "/home/nwhit210/omnicar_2_ws/build/omnicar/test_results/omnicar/xmllint.xunit.xml"
Directory: /home/nwhit210/omnicar_2_ws/src/omnicar
"xmllint" start time: Mar 18 14:48 AEST
Output:
----------------------------------------------------------
-- run_test.py: invoking following command in '/home/nwhit210/omnicar_2_ws/src/omnicar':
 - /opt/ros/humble/bin/ament_xmllint --xunit-file /home/nwhit210/omnicar_2_ws/build/omnicar/test_results/omnicar/xmllint.xunit.xml
<end of output>
Test time =  60.05 sec
----------------------------------------------------------
Test Failed.
"xmllint" end time: Mar 18 14:49 AEST
"xmllint" time elapsed: 00:01:00
----------------------------------------------------------

End testing: Mar 18 14:49 AEST

copyright =   0.25 sec*proc

flake8 =   0.48 sec*proc

lint_cmake =   0.24 sec*proc

linter =  61.35 sec*proc

pep257 =   0.34 sec*proc

xmllint =  60.05 sec*proc

