<?xml version="1.0" encoding="UTF-8"?>
<Site BuildName="(empty)"
	BuildStamp="20250318-0448-Experimental"
	Name="nwhit210"
	Generator="ctest-3.22.1"
	CompilerName="/usr/bin/c++"
	CompilerVersion="11.4.0"
	OSName="Linux"
	Hostname="nwhit210"
	OSRelease="5.15.167.4-microsoft-standard-WSL2"
	OSVersion="#1 SMP Tue Nov 5 00:21:55 UTC 2024"
	OSPlatform="x86_64"
	Is64Bits="1"
	VendorString="GenuineIntel"
	VendorID="Intel Corporation"
	FamilyID="6"
	ModelID="154"
	ProcessorCacheSize="12288"
	NumberOfLogicalCPU="8"
	NumberOfPhysicalCPU="4"
	TotalVirtualMemory="3072"
	TotalPhysicalMemory="11966"
	LogicalProcessorsPerPhysical="2"
	ProcessorClockFrequency="2496"
	>
	<Testing>
		<StartDateTime>Mar 18 14:48 AEST</StartDateTime>
		<StartTestTime>1742273318</StartTestTime>
		<TestList>
			<Test>./test_load_mecanum_drive_controller</Test>
			<Test>./test_mecanum_drive_controller</Test>
			<Test>./test_mecanum_drive_controller_preceeding</Test>
		</TestList>
		<Test Status="failed">
			<Name>test_load_mecanum_drive_controller</Name>
			<Path>.</Path>
			<FullName>./test_load_mecanum_drive_controller</FullName>
			<FullCommandLine>/usr/bin/python3 "-u" "/opt/ros/humble/share/ament_cmake_test/cmake/run_test.py" "/home/nwhit210/omnicar_2_ws/build/mecanum_drive_controller/test_results/mecanum_drive_controller/test_load_mecanum_drive_controller.gtest.xml" "--package-name" "mecanum_drive_controller" "--output-file" "/home/nwhit210/omnicar_2_ws/build/mecanum_drive_controller/ament_cmake_gmock/test_load_mecanum_drive_controller.txt" "--command" "/home/nwhit210/omnicar_2_ws/build/mecanum_drive_controller/test_load_mecanum_drive_controller" "--gtest_output=xml:/home/nwhit210/omnicar_2_ws/build/mecanum_drive_controller/test_results/mecanum_drive_controller/test_load_mecanum_drive_controller.gtest.xml"</FullCommandLine>
			<Results>
				<NamedMeasurement type="text/string" name="Exit Code">
					<Value>Failed</Value>
				</NamedMeasurement>
				<NamedMeasurement type="text/string" name="Exit Value">
					<Value>1</Value>
				</NamedMeasurement>
				<NamedMeasurement type="numeric/double" name="Execution Time">
					<Value>0.125171</Value>
				</NamedMeasurement>
				<NamedMeasurement type="numeric/double" name="Processors">
					<Value>1</Value>
				</NamedMeasurement>
				<NamedMeasurement type="text/string" name="Completion Status">
					<Value>Completed</Value>
				</NamedMeasurement>
				<NamedMeasurement type="text/string" name="Command Line">
					<Value>/usr/bin/python3 "-u" "/opt/ros/humble/share/ament_cmake_test/cmake/run_test.py" "/home/nwhit210/omnicar_2_ws/build/mecanum_drive_controller/test_results/mecanum_drive_controller/test_load_mecanum_drive_controller.gtest.xml" "--package-name" "mecanum_drive_controller" "--output-file" "/home/nwhit210/omnicar_2_ws/build/mecanum_drive_controller/ament_cmake_gmock/test_load_mecanum_drive_controller.txt" "--command" "/home/nwhit210/omnicar_2_ws/build/mecanum_drive_controller/test_load_mecanum_drive_controller" "--gtest_output=xml:/home/nwhit210/omnicar_2_ws/build/mecanum_drive_controller/test_results/mecanum_drive_controller/test_load_mecanum_drive_controller.gtest.xml"</Value>
				</NamedMeasurement>
				<NamedMeasurement type="text/string" name="Environment">
					<Value>#CTEST_RESOURCE_GROUP_COUNT=</Value>
				</NamedMeasurement>
				<Measurement>
					<Value>-- run_test.py: invoking following command in '/home/nwhit210/omnicar_2_ws/build/mecanum_drive_controller':
 - /home/nwhit210/omnicar_2_ws/build/mecanum_drive_controller/test_load_mecanum_drive_controller --gtest_output=xml:/home/nwhit210/omnicar_2_ws/build/mecanum_drive_controller/test_results/mecanum_drive_controller/test_load_mecanum_drive_controller.gtest.xml
[==========] Running 1 test from 1 test suite.
[----------] Global test environment set-up.
[----------] 1 test from TestLoadMecanumDriveController
[ RUN      ] TestLoadMecanumDriveController.load_controller
[INFO] [1742273318.277876345] [resource_manager]: Loading hardware 'TestActuatorHardware' 
unknown file: Failure
C++ exception with description "According to the loaded plugin descriptions the class test_actuator with base class type hardware_interface::ActuatorInterface does not exist. Declared types are  test_hardware_components/TestSingleJointActuator" thrown in the test body.
[  FAILED  ] TestLoadMecanumDriveController.load_controller (3 ms)
[----------] 1 test from TestLoadMecanumDriveController (3 ms total)

[----------] Global test environment tear-down
[==========] 1 test from 1 test suite ran. (3 ms total)
[  PASSED  ] 0 tests.
[  FAILED  ] 1 test, listed below:
[  FAILED  ] TestLoadMecanumDriveController.load_controller

 1 FAILED TEST
-- run_test.py: return code 1
-- run_test.py: inject classname prefix into gtest result file '/home/nwhit210/omnicar_2_ws/build/mecanum_drive_controller/test_results/mecanum_drive_controller/test_load_mecanum_drive_controller.gtest.xml'
-- run_test.py: verify result file '/home/nwhit210/omnicar_2_ws/build/mecanum_drive_controller/test_results/mecanum_drive_controller/test_load_mecanum_drive_controller.gtest.xml'
</Value>
				</Measurement>
			</Results>
			<Labels>
				<Label>gmock</Label>
			</Labels>
		</Test>
		<Test Status="passed">
			<Name>test_mecanum_drive_controller</Name>
			<Path>.</Path>
			<FullName>./test_mecanum_drive_controller</FullName>
			<FullCommandLine>/usr/bin/python3 "-u" "/opt/ros/humble/share/ament_cmake_test/cmake/run_test.py" "/home/nwhit210/omnicar_2_ws/build/mecanum_drive_controller/test_results/mecanum_drive_controller/test_mecanum_drive_controller.gtest.xml" "--package-name" "mecanum_drive_controller" "--output-file" "/home/nwhit210/omnicar_2_ws/build/mecanum_drive_controller/test_results/mecanum_drive_controller/test_mecanum_drive_controller.txt" "--command" "/home/nwhit210/omnicar_2_ws/build/mecanum_drive_controller/test_mecanum_drive_controller" "--ros-args" "--params-file" "/home/nwhit210/omnicar_2_ws/src/mecanum_drive_controller/test/mecanum_drive_controller_params.yaml" "--" "--gtest_output=xml:/home/nwhit210/omnicar_2_ws/build/mecanum_drive_controller/test_results/mecanum_drive_controller/test_mecanum_drive_controller.gtest.xml"</FullCommandLine>
			<Results>
				<NamedMeasurement type="numeric/double" name="Execution Time">
					<Value>3.56862</Value>
				</NamedMeasurement>
				<NamedMeasurement type="numeric/double" name="Processors">
					<Value>1</Value>
				</NamedMeasurement>
				<NamedMeasurement type="text/string" name="Completion Status">
					<Value>Completed</Value>
				</NamedMeasurement>
				<NamedMeasurement type="text/string" name="Command Line">
					<Value>/usr/bin/python3 "-u" "/opt/ros/humble/share/ament_cmake_test/cmake/run_test.py" "/home/nwhit210/omnicar_2_ws/build/mecanum_drive_controller/test_results/mecanum_drive_controller/test_mecanum_drive_controller.gtest.xml" "--package-name" "mecanum_drive_controller" "--output-file" "/home/nwhit210/omnicar_2_ws/build/mecanum_drive_controller/test_results/mecanum_drive_controller/test_mecanum_drive_controller.txt" "--command" "/home/nwhit210/omnicar_2_ws/build/mecanum_drive_controller/test_mecanum_drive_controller" "--ros-args" "--params-file" "/home/nwhit210/omnicar_2_ws/src/mecanum_drive_controller/test/mecanum_drive_controller_params.yaml" "--" "--gtest_output=xml:/home/nwhit210/omnicar_2_ws/build/mecanum_drive_controller/test_results/mecanum_drive_controller/test_mecanum_drive_controller.gtest.xml"</Value>
				</NamedMeasurement>
				<NamedMeasurement type="text/string" name="Environment">
					<Value>#CTEST_RESOURCE_GROUP_COUNT=</Value>
				</NamedMeasurement>
				<Measurement>
					<Value>-- run_test.py: invoking following command in '/home/nwhit210/omnicar_2_ws/build/mecanum_drive_controller':
 - /home/nwhit210/omnicar_2_ws/build/mecanum_drive_controller/test_mecanum_drive_controller --ros-args --params-file /home/nwhit210/omnicar_2_ws/src/mecanum_drive_controller/test/mecanum_drive_controller_params.yaml -- --gtest_output=xml:/home/nwhit210/omnicar_2_ws/build/mecanum_drive_controller/test_results/mecanum_drive_controller/test_mecanum_drive_controller.gtest.xml
[==========] Running 16 tests from 1 test suite.
[----------] Global test environment set-up.
[----------] 16 tests from MecanumDriveControllerTest
[ RUN      ] MecanumDriveControllerTest.when_controller_is_configured_expect_all_parameters_set
[INFO] [1742273318.476633321] [test_mecanum_drive_controller]: MecanumDriveController configured successfully
[       OK ] MecanumDriveControllerTest.when_controller_is_configured_expect_all_parameters_set (72 ms)
[ RUN      ] MecanumDriveControllerTest.when_controller_configured_expect_properly_exported_interfaces
[INFO] [1742273318.513938922] [test_mecanum_drive_controller]: MecanumDriveController configured successfully
[       OK ] MecanumDriveControllerTest.when_controller_configured_expect_properly_exported_interfaces (40 ms)
[ RUN      ] MecanumDriveControllerTest.when_controller_is_activated_expect_reference_reset
[INFO] [1742273318.558916433] [test_mecanum_drive_controller]: MecanumDriveController configured successfully
[       OK ] MecanumDriveControllerTest.when_controller_is_activated_expect_reference_reset (47 ms)
[ RUN      ] MecanumDriveControllerTest.when_controller_active_and_update_called_expect_success
[INFO] [1742273318.601467423] [test_mecanum_drive_controller]: MecanumDriveController configured successfully
[       OK ] MecanumDriveControllerTest.when_controller_active_and_update_called_expect_success (41 ms)
[ RUN      ] MecanumDriveControllerTest.when_active_controller_is_deactivated_expect_success
[INFO] [1742273318.643297074] [test_mecanum_drive_controller]: MecanumDriveController configured successfully
[       OK ] MecanumDriveControllerTest.when_active_controller_is_deactivated_expect_success (45 ms)
[ RUN      ] MecanumDriveControllerTest.when_controller_is_reactivated_expect_cmd_itfs_not_set_and_update_success
[INFO] [1742273318.689314149] [test_mecanum_drive_controller]: MecanumDriveController configured successfully
[       OK ] MecanumDriveControllerTest.when_controller_is_reactivated_expect_cmd_itfs_not_set_and_update_success (41 ms)
[ RUN      ] MecanumDriveControllerTest.when_update_is_called_expect_status_message
[INFO] [1742273318.724476510] [test_mecanum_drive_controller]: MecanumDriveController configured successfully
[       OK ] MecanumDriveControllerTest.when_update_is_called_expect_status_message (42 ms)
[ RUN      ] MecanumDriveControllerTest.when_reference_msg_received_expect_updated_commands_and_status_message
[INFO] [1742273318.771121207] [test_mecanum_drive_controller]: MecanumDriveController configured successfully
[       OK ] MecanumDriveControllerTest.when_reference_msg_received_expect_updated_commands_and_status_message (559 ms)
[ RUN      ] MecanumDriveControllerTest.when_reference_msg_is_too_old_expect_unset_reference
[INFO] [1742273319.323872625] [test_mecanum_drive_controller]: MecanumDriveController configured successfully
[ERROR] [1742273319.324159564] [test_mecanum_drive_controller]: Received message has timestamp 1742273318.3240063190 older by 1.0001461050 than allowed timeout (0.9000).
[       OK ] MecanumDriveControllerTest.when_reference_msg_is_too_old_expect_unset_reference (530 ms)
[ RUN      ] MecanumDriveControllerTest.when_reference_msg_has_timestamp_zero_expect_reference_set_and_timestamp_set_to_current_time
[INFO] [1742273319.853703622] [test_mecanum_drive_controller]: MecanumDriveController configured successfully
[WARN] [1742273319.854047177] [test_mecanum_drive_controller]: Timestamp in header is missing, using current time as command timestamp.
[       OK ] MecanumDriveControllerTest.when_reference_msg_has_timestamp_zero_expect_reference_set_and_timestamp_set_to_current_time (537 ms)
[ RUN      ] MecanumDriveControllerTest.when_message_has_valid_timestamp_expect_reference_set
[INFO] [1742273320.404255939] [test_mecanum_drive_controller]: MecanumDriveController configured successfully
[       OK ] MecanumDriveControllerTest.when_message_has_valid_timestamp_expect_reference_set (564 ms)
[ RUN      ] MecanumDriveControllerTest.when_ref_msg_old_expect_cmnd_itfs_set_to_zero_otherwise_to_valid_cmnds
[INFO] [1742273320.977567976] [test_mecanum_drive_controller]: MecanumDriveController configured successfully
[       OK ] MecanumDriveControllerTest.when_ref_msg_old_expect_cmnd_itfs_set_to_zero_otherwise_to_valid_cmnds (77 ms)
[ RUN      ] MecanumDriveControllerTest.when_controller_in_chainable_mode_expect_receiving_commands_from_reference_interfaces_directly
[INFO] [1742273321.054706840] [test_mecanum_drive_controller]: MecanumDriveController configured successfully
[       OK ] MecanumDriveControllerTest.when_controller_in_chainable_mode_expect_receiving_commands_from_reference_interfaces_directly (71 ms)
[ RUN      ] MecanumDriveControllerTest.when_reference_timeout_is_zero_expect_reference_msg_being_used_only_once
[INFO] [1742273321.120535658] [test_mecanum_drive_controller]: MecanumDriveController configured successfully
[       OK ] MecanumDriveControllerTest.when_reference_timeout_is_zero_expect_reference_msg_being_used_only_once (62 ms)
[ RUN      ] MecanumDriveControllerTest.when_ref_timeout_zero_for_reference_callback_expect_reference_msg_being_used_only_once
[INFO] [1742273321.181843092] [test_mecanum_drive_controller]: MecanumDriveController configured successfully
[       OK ] MecanumDriveControllerTest.when_ref_timeout_zero_for_reference_callback_expect_reference_msg_being_used_only_once (560 ms)
[ RUN      ] MecanumDriveControllerTest.SideToSideAndRotationOdometryTest
[INFO] [1742273321.723970320] [test_mecanum_drive_controller_with_rotation]: MecanumDriveController configured successfully
[INFO] [1742273321.724328175] [test_mecanum_drive_controller_with_rotation]: odometry: -0.004899, 0.040010, 0.000000
[       OK ] MecanumDriveControllerTest.SideToSideAndRotationOdometryTest (29 ms)
[----------] 16 tests from MecanumDriveControllerTest (3317 ms total)

[----------] Global test environment tear-down
[==========] 16 tests from 1 test suite ran. (3317 ms total)
[  PASSED  ] 16 tests.
-- run_test.py: return code 0
-- run_test.py: inject classname prefix into gtest result file '/home/nwhit210/omnicar_2_ws/build/mecanum_drive_controller/test_results/mecanum_drive_controller/test_mecanum_drive_controller.gtest.xml'
-- run_test.py: verify result file '/home/nwhit210/omnicar_2_ws/build/mecanum_drive_controller/test_results/mecanum_drive_controller/test_mecanum_drive_controller.gtest.xml'
</Value>
				</Measurement>
			</Results>
		</Test>
		<Test Status="passed">
			<Name>test_mecanum_drive_controller_preceeding</Name>
			<Path>.</Path>
			<FullName>./test_mecanum_drive_controller_preceeding</FullName>
			<FullCommandLine>/usr/bin/python3 "-u" "/opt/ros/humble/share/ament_cmake_test/cmake/run_test.py" "/home/nwhit210/omnicar_2_ws/build/mecanum_drive_controller/test_results/mecanum_drive_controller/test_mecanum_drive_controller_preceeding.gtest.xml" "--package-name" "mecanum_drive_controller" "--output-file" "/home/nwhit210/omnicar_2_ws/build/mecanum_drive_controller/test_results/mecanum_drive_controller/test_mecanum_drive_controller_preceeding.txt" "--command" "/home/nwhit210/omnicar_2_ws/build/mecanum_drive_controller/test_mecanum_drive_controller_preceeding" "--ros-args" "--params-file" "/home/nwhit210/omnicar_2_ws/src/mecanum_drive_controller/test/mecanum_drive_controller_preceeding_params.yaml" "--" "--gtest_output=xml:/home/nwhit210/omnicar_2_ws/build/mecanum_drive_controller/test_results/mecanum_drive_controller/test_mecanum_drive_controller_preceeding.gtest.xml"</FullCommandLine>
			<Results>
				<NamedMeasurement type="numeric/double" name="Execution Time">
					<Value>0.364046</Value>
				</NamedMeasurement>
				<NamedMeasurement type="numeric/double" name="Processors">
					<Value>1</Value>
				</NamedMeasurement>
				<NamedMeasurement type="text/string" name="Completion Status">
					<Value>Completed</Value>
				</NamedMeasurement>
				<NamedMeasurement type="text/string" name="Command Line">
					<Value>/usr/bin/python3 "-u" "/opt/ros/humble/share/ament_cmake_test/cmake/run_test.py" "/home/nwhit210/omnicar_2_ws/build/mecanum_drive_controller/test_results/mecanum_drive_controller/test_mecanum_drive_controller_preceeding.gtest.xml" "--package-name" "mecanum_drive_controller" "--output-file" "/home/nwhit210/omnicar_2_ws/build/mecanum_drive_controller/test_results/mecanum_drive_controller/test_mecanum_drive_controller_preceeding.txt" "--command" "/home/nwhit210/omnicar_2_ws/build/mecanum_drive_controller/test_mecanum_drive_controller_preceeding" "--ros-args" "--params-file" "/home/nwhit210/omnicar_2_ws/src/mecanum_drive_controller/test/mecanum_drive_controller_preceeding_params.yaml" "--" "--gtest_output=xml:/home/nwhit210/omnicar_2_ws/build/mecanum_drive_controller/test_results/mecanum_drive_controller/test_mecanum_drive_controller_preceeding.gtest.xml"</Value>
				</NamedMeasurement>
				<NamedMeasurement type="text/string" name="Environment">
					<Value>#CTEST_RESOURCE_GROUP_COUNT=</Value>
				</NamedMeasurement>
				<Measurement>
					<Value>-- run_test.py: invoking following command in '/home/nwhit210/omnicar_2_ws/build/mecanum_drive_controller':
 - /home/nwhit210/omnicar_2_ws/build/mecanum_drive_controller/test_mecanum_drive_controller_preceeding --ros-args --params-file /home/nwhit210/omnicar_2_ws/src/mecanum_drive_controller/test/mecanum_drive_controller_preceeding_params.yaml -- --gtest_output=xml:/home/nwhit210/omnicar_2_ws/build/mecanum_drive_controller/test_results/mecanum_drive_controller/test_mecanum_drive_controller_preceeding.gtest.xml
[==========] Running 2 tests from 1 test suite.
[----------] Global test environment set-up.
[----------] 2 tests from MecanumDriveControllerTest
[ RUN      ] MecanumDriveControllerTest.when_controller_is_configured_expect_all_parameters_set
[INFO] [1742273322.009870094] [test_mecanum_drive_controller]: MecanumDriveController configured successfully
[       OK ] MecanumDriveControllerTest.when_controller_is_configured_expect_all_parameters_set (101 ms)
[ RUN      ] MecanumDriveControllerTest.when_controller_configured_expect_properly_exported_interfaces
[INFO] [1742273322.082175325] [test_mecanum_drive_controller]: MecanumDriveController configured successfully
[       OK ] MecanumDriveControllerTest.when_controller_configured_expect_properly_exported_interfaces (62 ms)
[----------] 2 tests from MecanumDriveControllerTest (163 ms total)

[----------] Global test environment tear-down
[==========] 2 tests from 1 test suite ran. (163 ms total)
[  PASSED  ] 2 tests.
-- run_test.py: return code 0
-- run_test.py: inject classname prefix into gtest result file '/home/nwhit210/omnicar_2_ws/build/mecanum_drive_controller/test_results/mecanum_drive_controller/test_mecanum_drive_controller_preceeding.gtest.xml'
-- run_test.py: verify result file '/home/nwhit210/omnicar_2_ws/build/mecanum_drive_controller/test_results/mecanum_drive_controller/test_mecanum_drive_controller_preceeding.gtest.xml'
</Value>
				</Measurement>
			</Results>
		</Test>
		<EndDateTime>Mar 18 14:48 AEST</EndDateTime>
		<EndTestTime>1742273322</EndTestTime>
		<ElapsedMinutes>0</ElapsedMinutes>
	</Testing>
</Site>
