<?xml version="1.0" encoding="UTF-8"?>
<testsuites tests="1" failures="1" disabled="0" errors="0" time="0.003" timestamp="2025-03-18T14:48:38" name="AllTests">
  <testsuite name="TestLoadMecanumDriveController" tests="1" failures="1" disabled="0" errors="0" time="0.003" timestamp="2025-03-18T14:48:38">
    <testcase name="load_controller" status="run" result="completed" time="0.003" timestamp="2025-03-18T14:48:38" classname="mecanum_drive_controller.TestLoadMecanumDriveController">
      <failure message="unknown file&#x0A;C++ exception with description &quot;According to the loaded plugin descriptions the class test_actuator with base class type hardware_interface::ActuatorInterface does not exist. Declared types are  test_hardware_components/TestSingleJointActuator&quot; thrown in the test body." type=""><![CDATA[unknown file
C++ exception with description "According to the loaded plugin descriptions the class test_actuator with base class type hardware_interface::ActuatorInterface does not exist. Declared types are  test_hardware_components/TestSingleJointActuator" thrown in the test body.]]></failure>
    </testcase>
  </testsuite>
</testsuites>
