<?xml version="1.0" encoding="UTF-8"?>
<testsuites tests="2" failures="0" disabled="0" errors="0" time="0.163" timestamp="2025-03-18T14:48:41" name="AllTests">
  <testsuite name="MecanumDriveControllerTest" tests="2" failures="0" disabled="0" errors="0" time="0.163" timestamp="2025-03-18T14:48:41">
    <testcase name="when_controller_is_configured_expect_all_parameters_set" status="run" result="completed" time="0.101" timestamp="2025-03-18T14:48:41" classname="mecanum_drive_controller.MecanumDriveControllerTest" />
    <testcase name="when_controller_configured_expect_properly_exported_interfaces" status="run" result="completed" time="0.062" timestamp="2025-03-18T14:48:42" classname="mecanum_drive_controller.MecanumDriveControllerTest" />
  </testsuite>
</testsuites>
