In file included from [01m[K/home/pi/omnicar_ws/src/diffdrive_arduino/hardware/include/diffdrive_arduino/diffbot_system.hpp:34[m[K,
                 from [01m[K/home/pi/omnicar_ws/src/diffdrive_arduino/hardware/diffbot_system.cpp:15[m[K:
[01m[K/home/pi/omnicar_ws/src/diffdrive_arduino/hardware/include/diffdrive_arduino/arduino_comms.hpp:[m[K In member function â€˜[01m[Kvoid ArduinoComms::read_encoder_values(int&, int&)[m[Kâ€™:
[01m[K/home/pi/omnicar_ws/src/diffdrive_arduino/hardware/include/diffdrive_arduino/arduino_comms.hpp:87:33:[m[K [01;35m[Kwarning: [m[Kunused parameter â€˜[01m[Kval_1[m[Kâ€™ [[01;35m[K]8;;https://gcc.gnu.org/onlinedocs/gcc/Warning-Options.html#index-Wunused-parameter-Wunused-parameter]8;;[m[K]
   87 |   void read_encoder_values([01;35m[Kint &val_1[m[K, int &val_2)
      |                            [01;35m[K~~~~~^~~~~[m[K
[01m[K/home/pi/omnicar_ws/src/diffdrive_arduino/hardware/include/diffdrive_arduino/arduino_comms.hpp:87:45:[m[K [01;35m[Kwarning: [m[Kunused parameter â€˜[01m[Kval_2[m[Kâ€™ [[01;35m[K]8;;https://gcc.gnu.org/onlinedocs/gcc/Warning-Options.html#index-Wunused-parameter-Wunused-parameter]8;;[m[K]
   87 |   void read_encoder_values(int &val_1, [01;35m[Kint &val_2[m[K)
      |                                        [01;35m[K~~~~~^~~~~[m[K
[01m[K/home/pi/omnicar_ws/src/diffdrive_arduino/hardware/diffbot_system.cpp:[m[K In member function â€˜[01m[Kvirtual hardware_interface::CallbackReturn diffdrive_arduino::DiffDriveArduinoHardware::on_activate(const rclcpp_lifecycle::State&)[m[Kâ€™:
[01m[K/home/pi/omnicar_ws/src/diffdrive_arduino/hardware/diffbot_system.cpp:201:12:[m[K [01;31m[Kerror: [m[Kâ€˜[01m[Kclass ArduinoComms[m[Kâ€™ has no member named â€˜[01m[Kset_pid_values[m[Kâ€™; did you mean â€˜[01m[Kset_motor_values[m[Kâ€™?
  201 |     comms_.[01;31m[Kset_pid_values[m[K(cfg_.pid_p,cfg_.pid_d,cfg_.pid_i,cfg_.pid_o);
      |            [01;31m[K^~~~~~~~~~~~~~[m[K
      |            [32m[Kset_motor_values[m[K
gmake[2]: *** [CMakeFiles/diffdrive_arduino.dir/build.make:76: CMakeFiles/diffdrive_arduino.dir/hardware/diffbot_system.cpp.o] Error 1
gmake[1]: *** [CMakeFiles/Makefile2:137: CMakeFiles/diffdrive_arduino.dir/all] Error 2
gmake: *** [Makefile:146: all] Error 2
